INFO (2024-05-19 22:06:51): This is a log message to client!
INFO (2024-05-19 22:07:06): [0] PING
INFO (2024-05-19 22:07:06): 0/0 PONG 0
INFO (2024-05-19 22:07:07): [1] PING
INFO (2024-05-19 22:07:07): 1/1 PONG 0
INFO (2024-05-19 22:07:08): [2] PING
INFO (2024-05-19 22:07:08): 2/2 PONG 0
INFO (2024-05-19 22:07:10): [3] PING
INFO (2024-05-19 22:07:10): 3/3 PONG 0
INFO (2024-05-19 22:07:11): [4] keepalive
INFO (2024-05-19 22:07:12): [4] PING
INFO (2024-05-19 22:07:12): 5/4 PONG 0
INFO (2024-05-19 22:07:13): [5] PING
INFO (2024-05-19 22:07:13): 6/5 PONG 0
INFO (2024-05-19 22:07:16): [7] keepalive
INFO (2024-05-19 22:07:16): [6] PING
INFO (2024-05-19 22:07:16): Проигнорированно
INFO (2024-05-19 22:07:18): [7] PING
INFO (2024-05-19 22:07:18): 8/7 PONG 0
INFO (2024-05-19 22:07:20): [8] PING
INFO (2024-05-19 22:07:20): Проигнорированно
INFO (2024-05-19 22:07:21): [9] keepalive
INFO (2024-05-19 22:07:21): [9] PING
INFO (2024-05-19 22:07:21): 10/9 PONG 0
INFO (2024-05-19 22:07:22): [0] PING
INFO (2024-05-19 22:07:22): 11/0 PONG 1
INFO (2024-05-19 22:07:23): [10] PING
INFO (2024-05-19 22:07:23): 12/10 PONG 0
INFO (2024-05-19 22:07:23): [11] PING
INFO (2024-05-19 22:07:23): 13/11 PONG 0
INFO (2024-05-19 22:07:23): [12] PING
INFO (2024-05-19 22:07:23): 14/12 PONG 0
INFO (2024-05-19 22:07:24): [1] PING
INFO (2024-05-19 22:07:24): 15/1 PONG 1
INFO (2024-05-19 22:07:26): [16] keepalive
INFO (2024-05-19 22:07:26): [17] keepalive
INFO (2024-05-19 22:07:26): [2] PING
INFO (2024-05-19 22:07:26): 18/2 PONG 1
INFO (2024-05-19 22:07:26): [13] PING
INFO (2024-05-19 22:07:26): 19/13 PONG 0
INFO (2024-05-19 22:07:28): [14] PING
INFO (2024-05-19 22:07:28): 20/14 PONG 0
INFO (2024-05-19 22:07:29): [3] PING
INFO (2024-05-19 22:07:29): 21/3 PONG 1
INFO (2024-05-19 22:07:29): [15] PING
INFO (2024-05-19 22:07:29): 22/15 PONG 0
INFO (2024-05-19 22:07:31): [23] keepalive
INFO (2024-05-19 22:07:31): [24] keepalive
INFO (2024-05-19 22:07:31): [4] PING
INFO (2024-05-19 22:07:31): 25/4 PONG 1
INFO (2024-05-19 22:07:32): [16] PING
INFO (2024-05-19 22:07:32): 26/16 PONG 0
INFO (2024-05-19 22:07:33): [5] PING
INFO (2024-05-19 22:07:33): 27/5 PONG 1
INFO (2024-05-19 22:07:35): [17] PING
INFO (2024-05-19 22:07:35): 28/17 PONG 0
INFO (2024-05-19 22:07:36): [29] keepalive
INFO (2024-05-19 22:07:36): [30] keepalive
INFO (2024-05-19 22:07:36): [6] PING
INFO (2024-05-19 22:07:36): 31/6 PONG 1
INFO (2024-05-19 22:07:37): [18] PING
INFO (2024-05-19 22:07:37): 32/18 PONG 0
INFO (2024-05-19 22:07:37): [7] PING
INFO (2024-05-19 22:07:37): 33/7 PONG 1
INFO (2024-05-19 22:07:39): [19] PING
INFO (2024-05-19 22:07:39): 34/19 PONG 0
INFO (2024-05-19 22:07:39): [8] PING
INFO (2024-05-19 22:07:39): Проигнорированно
INFO (2024-05-19 22:07:39): [20] PING
INFO (2024-05-19 22:07:39): 35/20 PONG 0
INFO (2024-05-19 22:07:41): [9] PING
INFO (2024-05-19 22:07:41): 36/9 PONG 1
INFO (2024-05-19 22:07:41): [37] keepalive
INFO (2024-05-19 22:07:41): [38] keepalive
INFO (2024-05-19 22:07:41): [10] PING
INFO (2024-05-19 22:07:41): 39/10 PONG 1
INFO (2024-05-19 22:07:41): [21] PING
INFO (2024-05-19 22:07:41): Проигнорированно
INFO (2024-05-19 22:07:42): [22] PING
INFO (2024-05-19 22:07:42): 40/22 PONG 0
INFO (2024-05-19 22:07:44): [11] PING
INFO (2024-05-19 22:07:44): 41/11 PONG 1
INFO (2024-05-19 22:07:44): [23] PING
INFO (2024-05-19 22:07:44): Проигнорированно
INFO (2024-05-19 22:07:45): [24] PING
INFO (2024-05-19 22:07:45): 42/24 PONG 0
INFO (2024-05-19 22:07:45): [12] PING
INFO (2024-05-19 22:07:45): 43/12 PONG 1
INFO (2024-05-19 22:07:46): [44] keepalive
INFO (2024-05-19 22:07:46): [45] keepalive
INFO (2024-05-19 22:07:46): [13] PING
INFO (2024-05-19 22:07:46): 46/13 PONG 1
INFO (2024-05-19 22:07:47): [25] PING
INFO (2024-05-19 22:07:47): 47/25 PONG 0
INFO (2024-05-19 22:07:48): [14] PING
INFO (2024-05-19 22:07:48): 48/14 PONG 1
INFO (2024-05-19 22:07:48): [26] PING
INFO (2024-05-19 22:07:48): Проигнорированно
INFO (2024-05-19 22:07:50): [15] PING
INFO (2024-05-19 22:07:50): 49/15 PONG 1
INFO (2024-05-19 22:07:51): [27] PING
INFO (2024-05-19 22:07:51): 50/27 PONG 0
INFO (2024-05-19 22:07:51): [51] keepalive
INFO (2024-05-19 22:07:51): [52] keepalive
INFO (2024-05-19 22:07:52): [16] PING
INFO (2024-05-19 22:07:52): 53/16 PONG 1
INFO (2024-05-19 22:07:53): [17] PING
INFO (2024-05-19 22:07:53): 54/17 PONG 1
INFO (2024-05-19 22:07:53): [28] PING
INFO (2024-05-19 22:07:53): 55/28 PONG 0
INFO (2024-05-19 22:07:54): [18] PING
INFO (2024-05-19 22:07:54): 56/18 PONG 1
INFO (2024-05-19 22:07:55): [29] PING
INFO (2024-05-19 22:07:55): 57/29 PONG 0
INFO (2024-05-19 22:07:56): [19] PING
INFO (2024-05-19 22:07:56): 58/19 PONG 1
INFO (2024-05-19 22:07:56): [59] keepalive
INFO (2024-05-19 22:07:56): [60] keepalive
INFO (2024-05-19 22:07:58): [30] PING
INFO (2024-05-19 22:07:58): 61/30 PONG 0
INFO (2024-05-19 22:07:58): [31] PING
INFO (2024-05-19 22:07:58): 62/31 PONG 0
INFO (2024-05-19 22:07:59): [20] PING
INFO (2024-05-19 22:07:59): 63/20 PONG 1
INFO (2024-05-19 22:07:59): [21] PING
INFO (2024-05-19 22:07:59): 64/21 PONG 1
INFO (2024-05-19 22:08:00): [32] PING
INFO (2024-05-19 22:08:00): 65/32 PONG 0
INFO (2024-05-19 22:08:00): [22] PING
INFO (2024-05-19 22:08:00): 66/22 PONG 1
INFO (2024-05-19 22:08:01): [67] keepalive
INFO (2024-05-19 22:08:01): [68] keepalive
INFO (2024-05-19 22:08:01): [33] PING
INFO (2024-05-19 22:08:01): 69/33 PONG 0
INFO (2024-05-19 22:08:01): [34] PING
INFO (2024-05-19 22:08:01): 70/34 PONG 0
INFO (2024-05-19 22:08:03): [23] PING
INFO (2024-05-19 22:08:03): 71/23 PONG 1
INFO (2024-05-19 22:08:04): [35] PING
INFO (2024-05-19 22:08:04): 72/35 PONG 0
INFO (2024-05-19 22:08:04): [24] PING
INFO (2024-05-19 22:08:04): 73/24 PONG 1
INFO (2024-05-19 22:08:05): [25] PING
INFO (2024-05-19 22:08:05): 74/25 PONG 1
INFO (2024-05-19 22:08:06): [75] keepalive
INFO (2024-05-19 22:08:06): [76] keepalive
INFO (2024-05-19 22:08:06): [36] PING
INFO (2024-05-19 22:08:06): 77/36 PONG 0
INFO (2024-05-19 22:08:07): [26] PING
INFO (2024-05-19 22:08:07): 78/26 PONG 1
INFO (2024-05-19 22:08:07): [37] PING
INFO (2024-05-19 22:08:07): 79/37 PONG 0
INFO (2024-05-19 22:08:08): [38] PING
INFO (2024-05-19 22:08:08): 80/38 PONG 0
INFO (2024-05-19 22:08:08): [27] PING
INFO (2024-05-19 22:08:08): 81/27 PONG 1
INFO (2024-05-19 22:08:10): [28] PING
INFO (2024-05-19 22:08:10): Проигнорированно
INFO (2024-05-19 22:08:11): [39] PING
INFO (2024-05-19 22:08:11): Проигнорированно
INFO (2024-05-19 22:08:11): [82] keepalive
INFO (2024-05-19 22:08:11): [83] keepalive
INFO (2024-05-19 22:08:11): [29] PING
INFO (2024-05-19 22:08:11): Проигнорированно
INFO (2024-05-19 22:08:12): [40] PING
INFO (2024-05-19 22:08:12): 84/40 PONG 0
INFO (2024-05-19 22:08:12): [41] PING
INFO (2024-05-19 22:08:12): 85/41 PONG 0
INFO (2024-05-19 22:08:14): [30] PING
INFO (2024-05-19 22:08:14): 86/30 PONG 1
INFO (2024-05-19 22:08:15): [31] PING
INFO (2024-05-19 22:08:15): Проигнорированно
INFO (2024-05-19 22:08:15): [42] PING
INFO (2024-05-19 22:08:15): 87/42 PONG 0
INFO (2024-05-19 22:08:15): [32] PING
INFO (2024-05-19 22:08:15): 88/32 PONG 1
INFO (2024-05-19 22:08:16): [89] keepalive
INFO (2024-05-19 22:08:16): [90] keepalive
INFO (2024-05-19 22:08:17): [43] PING
INFO (2024-05-19 22:08:17): 91/43 PONG 0
INFO (2024-05-19 22:08:18): [33] PING
INFO (2024-05-19 22:08:18): 92/33 PONG 1
INFO (2024-05-19 22:08:19): [44] PING
INFO (2024-05-19 22:08:19): 93/44 PONG 0
INFO (2024-05-19 22:08:20): [34] PING
INFO (2024-05-19 22:08:20): 94/34 PONG 1
INFO (2024-05-19 22:08:20): [45] PING
INFO (2024-05-19 22:08:20): Проигнорированно
INFO (2024-05-19 22:08:21): [95] keepalive
INFO (2024-05-19 22:08:21): [96] keepalive
INFO (2024-05-19 22:08:23): [46] PING
INFO (2024-05-19 22:08:23): 97/46 PONG 0
INFO (2024-05-19 22:08:23): [35] PING
INFO (2024-05-19 22:08:23): Проигнорированно
INFO (2024-05-19 22:08:24): [36] PING
INFO (2024-05-19 22:08:24): 98/36 PONG 1
INFO (2024-05-19 22:08:24): [47] PING
INFO (2024-05-19 22:08:24): Проигнорированно
INFO (2024-05-19 22:08:26): [37] PING
INFO (2024-05-19 22:08:26): 99/37 PONG 1
INFO (2024-05-19 22:08:26): [100] keepalive
INFO (2024-05-19 22:08:26): [101] keepalive
INFO (2024-05-19 22:08:26): [48] PING
INFO (2024-05-19 22:08:26): 102/48 PONG 0
INFO (2024-05-19 22:08:27): [38] PING
INFO (2024-05-19 22:08:27): 103/38 PONG 1
INFO (2024-05-19 22:08:28): [49] PING
INFO (2024-05-19 22:08:28): 104/49 PONG 0
INFO (2024-05-19 22:08:29): [39] PING
INFO (2024-05-19 22:08:29): 105/39 PONG 1
INFO (2024-05-19 22:08:29): [50] PING
INFO (2024-05-19 22:08:29): 106/50 PONG 0
INFO (2024-05-19 22:08:31): [107] keepalive
INFO (2024-05-19 22:08:31): [108] keepalive
INFO (2024-05-19 22:08:31): [51] PING
INFO (2024-05-19 22:08:31): Проигнорированно
INFO (2024-05-19 22:08:32): [40] PING
INFO (2024-05-19 22:08:32): 109/40 PONG 1
INFO (2024-05-19 22:08:33): [52] PING
INFO (2024-05-19 22:08:33): 110/52 PONG 0
INFO (2024-05-19 22:08:35): [41] PING
INFO (2024-05-19 22:08:35): 111/41 PONG 1
INFO (2024-05-19 22:08:35): [53] PING
INFO (2024-05-19 22:08:35): 112/53 PONG 0
INFO (2024-05-19 22:08:35): [42] PING
INFO (2024-05-19 22:08:35): 113/42 PONG 1
INFO (2024-05-19 22:08:36): [54] PING
INFO (2024-05-19 22:08:36): 114/54 PONG 0
INFO (2024-05-19 22:08:36): [115] keepalive
INFO (2024-05-19 22:08:36): [116] keepalive
INFO (2024-05-19 22:08:36): [43] PING
INFO (2024-05-19 22:08:36): 117/43 PONG 1
INFO (2024-05-19 22:08:37): [55] PING
INFO (2024-05-19 22:08:37): 118/55 PONG 0
INFO (2024-05-19 22:08:38): [56] PING
INFO (2024-05-19 22:08:38): 119/56 PONG 0
INFO (2024-05-19 22:08:39): [44] PING
INFO (2024-05-19 22:08:39): Проигнорированно
INFO (2024-05-19 22:08:39): [45] PING
INFO (2024-05-19 22:08:39): 120/45 PONG 1
INFO (2024-05-19 22:08:40): [46] PING
INFO (2024-05-19 22:08:40): Проигнорированно
INFO (2024-05-19 22:08:40): [57] PING
INFO (2024-05-19 22:08:40): 121/57 PONG 0
INFO (2024-05-19 22:08:41): [122] keepalive
INFO (2024-05-19 22:08:41): [123] keepalive
INFO (2024-05-19 22:08:42): [47] PING
INFO (2024-05-19 22:08:42): 124/47 PONG 1
INFO (2024-05-19 22:08:42): [58] PING
INFO (2024-05-19 22:08:42): 125/58 PONG 0
INFO (2024-05-19 22:08:43): [59] PING
INFO (2024-05-19 22:08:43): Проигнорированно
INFO (2024-05-19 22:08:43): [48] PING
INFO (2024-05-19 22:08:43): 126/48 PONG 1
INFO (2024-05-19 22:08:44): [60] PING
INFO (2024-05-19 22:08:44): 127/60 PONG 0
INFO (2024-05-19 22:08:45): [61] PING
INFO (2024-05-19 22:08:45): 128/61 PONG 0
INFO (2024-05-19 22:08:45): [49] PING
INFO (2024-05-19 22:08:45): 129/49 PONG 1
INFO (2024-05-19 22:08:46): [130] keepalive
INFO (2024-05-19 22:08:46): [131] keepalive
INFO (2024-05-19 22:08:46): [50] PING
INFO (2024-05-19 22:08:46): 132/50 PONG 1
INFO (2024-05-19 22:08:47): [62] PING
INFO (2024-05-19 22:08:47): 133/62 PONG 0
INFO (2024-05-19 22:08:48): [51] PING
INFO (2024-05-19 22:08:48): 134/51 PONG 1
INFO (2024-05-19 22:08:49): [63] PING
INFO (2024-05-19 22:08:49): 135/63 PONG 0
INFO (2024-05-19 22:08:49): [52] PING
INFO (2024-05-19 22:08:49): 136/52 PONG 1
INFO (2024-05-19 22:08:51): [137] keepalive
INFO (2024-05-19 22:08:51): [138] keepalive
INFO (2024-05-19 22:08:51): [64] PING
INFO (2024-05-19 22:08:51): 139/64 PONG 0
INFO (2024-05-19 22:08:52): [53] PING
INFO (2024-05-19 22:08:52): 140/53 PONG 1
INFO (2024-05-19 22:08:54): [54] PING
INFO (2024-05-19 22:08:54): 141/54 PONG 1
INFO (2024-05-19 22:08:54): [65] PING
INFO (2024-05-19 22:08:54): 142/65 PONG 0
INFO (2024-05-19 22:08:54): [66] PING
INFO (2024-05-19 22:08:54): 143/66 PONG 0
INFO (2024-05-19 22:08:55): [67] PING
INFO (2024-05-19 22:08:55): 144/67 PONG 0
INFO (2024-05-19 22:08:56): [145] keepalive
INFO (2024-05-19 22:08:56): [146] keepalive
INFO (2024-05-19 22:08:56): [55] PING
INFO (2024-05-19 22:08:56): Проигнорированно
INFO (2024-05-19 22:08:56): [68] PING
INFO (2024-05-19 22:08:56): 147/68 PONG 0
INFO (2024-05-19 22:08:58): [56] PING
INFO (2024-05-19 22:08:58): 148/56 PONG 1
INFO (2024-05-19 22:08:59): [69] PING
INFO (2024-05-19 22:08:59): 149/69 PONG 0
INFO (2024-05-19 22:08:59): [70] PING
INFO (2024-05-19 22:08:59): 150/70 PONG 0
INFO (2024-05-19 22:09:00): [71] PING
INFO (2024-05-19 22:09:00): 151/71 PONG 0
INFO (2024-05-19 22:09:01): [57] PING
INFO (2024-05-19 22:09:01): 152/57 PONG 1
INFO (2024-05-19 22:09:01): [153] keepalive
INFO (2024-05-19 22:09:01): [154] keepalive
INFO (2024-05-19 22:09:01): [72] PING
INFO (2024-05-19 22:09:01): 155/72 PONG 0
INFO (2024-05-19 22:09:03): [73] PING
INFO (2024-05-19 22:09:03): 156/73 PONG 0
INFO (2024-05-19 22:09:03): [58] PING
INFO (2024-05-19 22:09:03): 157/58 PONG 1
INFO (2024-05-19 22:09:06): [59] PING
INFO (2024-05-19 22:09:06): 158/59 PONG 1
INFO (2024-05-19 22:09:06): [74] PING
INFO (2024-05-19 22:09:06): 159/74 PONG 0
INFO (2024-05-19 22:09:06): [160] keepalive
INFO (2024-05-19 22:09:06): [161] keepalive
INFO (2024-05-19 22:09:06): [75] PING
INFO (2024-05-19 22:09:06): 162/75 PONG 0
INFO (2024-05-19 22:09:08): [76] PING
INFO (2024-05-19 22:09:08): 163/76 PONG 0
INFO (2024-05-19 22:09:08): [77] PING
INFO (2024-05-19 22:09:08): 164/77 PONG 0
INFO (2024-05-19 22:09:08): [60] PING
INFO (2024-05-19 22:09:08): 165/60 PONG 1
INFO (2024-05-19 22:09:10): [61] PING
INFO (2024-05-19 22:09:10): 166/61 PONG 1
INFO (2024-05-19 22:09:11): [78] PING
INFO (2024-05-19 22:09:11): 167/78 PONG 0
INFO (2024-05-19 22:09:11): [168] keepalive
INFO (2024-05-19 22:09:11): [169] keepalive
INFO (2024-05-19 22:09:12): [62] PING
INFO (2024-05-19 22:09:12): 170/62 PONG 1
INFO (2024-05-19 22:09:13): [63] PING
INFO (2024-05-19 22:09:13): 171/63 PONG 1
INFO (2024-05-19 22:09:13): [79] PING
INFO (2024-05-19 22:09:13): 172/79 PONG 0
INFO (2024-05-19 22:09:15): [80] PING
INFO (2024-05-19 22:09:15): 173/80 PONG 0
INFO (2024-05-19 22:09:15): [81] PING
INFO (2024-05-19 22:09:15): 174/81 PONG 0
INFO (2024-05-19 22:09:15): [64] PING
INFO (2024-05-19 22:09:15): Проигнорированно
INFO (2024-05-19 22:09:16): [175] keepalive
INFO (2024-05-19 22:09:16): [176] keepalive
INFO (2024-05-19 22:09:18): [82] PING
INFO (2024-05-19 22:09:18): 177/82 PONG 0
INFO (2024-05-19 22:09:18): [65] PING
INFO (2024-05-19 22:09:18): 178/65 PONG 1
INFO (2024-05-19 22:09:19): [66] PING
INFO (2024-05-19 22:09:19): Проигнорированно
INFO (2024-05-19 22:09:19): [83] PING
INFO (2024-05-19 22:09:19): 179/83 PONG 0
INFO (2024-05-19 22:09:19): [67] PING
INFO (2024-05-19 22:09:19): 180/67 PONG 1
INFO (2024-05-19 22:09:21): [68] PING
INFO (2024-05-19 22:09:21): 181/68 PONG 1
INFO (2024-05-19 22:09:21): [182] keepalive
INFO (2024-05-19 22:09:21): [183] keepalive
INFO (2024-05-19 22:09:22): [84] PING
INFO (2024-05-19 22:09:22): 184/84 PONG 0
INFO (2024-05-19 22:09:23): [69] PING
INFO (2024-05-19 22:09:23): 185/69 PONG 1
INFO (2024-05-19 22:09:24): [85] PING
INFO (2024-05-19 22:09:24): 186/85 PONG 0
INFO (2024-05-19 22:09:24): [70] PING
INFO (2024-05-19 22:09:24): 187/70 PONG 1
INFO (2024-05-19 22:09:25): [86] PING
INFO (2024-05-19 22:09:25): 188/86 PONG 0
INFO (2024-05-19 22:09:25): [71] PING
INFO (2024-05-19 22:09:25): 189/71 PONG 1
INFO (2024-05-19 22:09:26): [72] PING
INFO (2024-05-19 22:09:26): 190/72 PONG 1
INFO (2024-05-19 22:09:26): [191] keepalive
INFO (2024-05-19 22:09:26): [192] keepalive
INFO (2024-05-19 22:09:27): [87] PING
INFO (2024-05-19 22:09:27): 193/87 PONG 0
INFO (2024-05-19 22:09:29): [73] PING
INFO (2024-05-19 22:09:29): 194/73 PONG 1
INFO (2024-05-19 22:09:29): [74] PING
INFO (2024-05-19 22:09:29): 195/74 PONG 1
INFO (2024-05-19 22:09:30): [88] PING
INFO (2024-05-19 22:09:30): 196/88 PONG 0
INFO (2024-05-19 22:09:31): [197] keepalive
INFO (2024-05-19 22:09:31): [198] keepalive
INFO (2024-05-19 22:09:31): [75] PING
INFO (2024-05-19 22:09:31): 199/75 PONG 1
INFO (2024-05-19 22:09:32): [89] PING
INFO (2024-05-19 22:09:32): 200/89 PONG 0
INFO (2024-05-19 22:09:32): [90] PING
INFO (2024-05-19 22:09:32): 201/90 PONG 0
INFO (2024-05-19 22:09:33): [76] PING
INFO (2024-05-19 22:09:33): 202/76 PONG 1
INFO (2024-05-19 22:09:34): [91] PING
INFO (2024-05-19 22:09:34): 203/91 PONG 0
INFO (2024-05-19 22:09:35): [77] PING
INFO (2024-05-19 22:09:35): 204/77 PONG 1
INFO (2024-05-19 22:09:36): [92] PING
INFO (2024-05-19 22:09:36): 205/92 PONG 0
INFO (2024-05-19 22:09:36): [206] keepalive
INFO (2024-05-19 22:09:36): [207] keepalive
INFO (2024-05-19 22:09:37): [78] PING
INFO (2024-05-19 22:09:37): 208/78 PONG 1
INFO (2024-05-19 22:09:37): [93] PING
INFO (2024-05-19 22:09:37): 209/93 PONG 0
INFO (2024-05-19 22:09:39): [94] PING
INFO (2024-05-19 22:09:39): 210/94 PONG 0
INFO (2024-05-19 22:09:40): [95] PING
INFO (2024-05-19 22:09:40): 211/95 PONG 0
INFO (2024-05-19 22:09:40): [79] PING
INFO (2024-05-19 22:09:40): 212/79 PONG 1
INFO (2024-05-19 22:09:41): [213] keepalive
INFO (2024-05-19 22:09:41): [214] keepalive
INFO (2024-05-19 22:09:41): [96] PING
INFO (2024-05-19 22:09:41): 215/96 PONG 0
INFO (2024-05-19 22:09:42): [80] PING
INFO (2024-05-19 22:09:42): 216/80 PONG 1
INFO (2024-05-19 22:09:44): [97] PING
INFO (2024-05-19 22:09:44): 217/97 PONG 0
INFO (2024-05-19 22:09:44): [81] PING
INFO (2024-05-19 22:09:44): 218/81 PONG 1
INFO (2024-05-19 22:09:45): [98] PING
INFO (2024-05-19 22:09:45): 219/98 PONG 0
INFO (2024-05-19 22:09:46): [220] keepalive
INFO (2024-05-19 22:09:46): [221] keepalive
INFO (2024-05-19 22:09:47): [82] PING
INFO (2024-05-19 22:09:47): 222/82 PONG 1
INFO (2024-05-19 22:09:47): [99] PING
INFO (2024-05-19 22:09:47): Проигнорированно
INFO (2024-05-19 22:09:49): [100] PING
INFO (2024-05-19 22:09:49): 223/100 PONG 0
INFO (2024-05-19 22:09:49): [83] PING
INFO (2024-05-19 22:09:49): 224/83 PONG 1
INFO (2024-05-19 22:09:50): [101] PING
INFO (2024-05-19 22:09:50): 225/101 PONG 0
INFO (2024-05-19 22:09:51): [226] keepalive
INFO (2024-05-19 22:09:51): [227] keepalive
INFO (2024-05-19 22:09:52): [84] PING
INFO (2024-05-19 22:09:52): 228/84 PONG 1
INFO (2024-05-19 22:09:52): [102] PING
INFO (2024-05-19 22:09:52): 229/102 PONG 0
INFO (2024-05-19 22:09:53): [103] PING
INFO (2024-05-19 22:09:53): Проигнорированно
INFO (2024-05-19 22:09:54): [85] PING
INFO (2024-05-19 22:09:54): 230/85 PONG 1
INFO (2024-05-19 22:09:55): [104] PING
INFO (2024-05-19 22:09:55): 231/104 PONG 0
INFO (2024-05-19 22:09:56): [105] PING
INFO (2024-05-19 22:09:56): 232/105 PONG 0
INFO (2024-05-19 22:09:56): [86] PING
INFO (2024-05-19 22:09:56): 233/86 PONG 1
INFO (2024-05-19 22:09:56): [234] keepalive
INFO (2024-05-19 22:09:56): [235] keepalive
INFO (2024-05-19 22:09:58): [106] PING
INFO (2024-05-19 22:09:58): Проигнорированно
INFO (2024-05-19 22:09:59): [87] PING
INFO (2024-05-19 22:09:59): 236/87 PONG 1
INFO (2024-05-19 22:09:59): [107] PING
INFO (2024-05-19 22:09:59): 237/107 PONG 0
INFO (2024-05-19 22:10:00): [108] PING
INFO (2024-05-19 22:10:00): 238/108 PONG 0
INFO (2024-05-19 22:10:01): [109] PING
INFO (2024-05-19 22:10:01): 239/109 PONG 0
INFO (2024-05-19 22:10:01): [88] PING
INFO (2024-05-19 22:10:01): Проигнорированно
INFO (2024-05-19 22:10:01): [240] keepalive
INFO (2024-05-19 22:10:01): [241] keepalive
INFO (2024-05-19 22:10:01): [89] PING
INFO (2024-05-19 22:10:01): 242/89 PONG 1
INFO (2024-05-19 22:10:02): [110] PING
INFO (2024-05-19 22:10:02): 243/110 PONG 0
INFO (2024-05-19 22:10:03): [90] PING
INFO (2024-05-19 22:10:03): 244/90 PONG 1
INFO (2024-05-19 22:10:03): [111] PING
INFO (2024-05-19 22:10:03): 245/111 PONG 0
INFO (2024-05-19 22:10:04): [91] PING
INFO (2024-05-19 22:10:04): 246/91 PONG 1
INFO (2024-05-19 22:10:05): [112] PING
INFO (2024-05-19 22:10:05): 247/112 PONG 0
INFO (2024-05-19 22:10:06): [113] PING
INFO (2024-05-19 22:10:06): 248/113 PONG 0
INFO (2024-05-19 22:10:06): [249] keepalive
INFO (2024-05-19 22:10:06): [250] keepalive
INFO (2024-05-19 22:10:06): [92] PING
INFO (2024-05-19 22:10:06): 251/92 PONG 1
INFO (2024-05-19 22:10:07): [93] PING
INFO (2024-05-19 22:10:07): 252/93 PONG 1
INFO (2024-05-19 22:10:07): [114] PING
INFO (2024-05-19 22:10:07): 253/114 PONG 0
INFO (2024-05-19 22:10:08): [94] PING
INFO (2024-05-19 22:10:08): 254/94 PONG 1
INFO (2024-05-19 22:10:10): [115] PING
INFO (2024-05-19 22:10:10): 255/115 PONG 0
INFO (2024-05-19 22:10:11): [95] PING
INFO (2024-05-19 22:10:11): Проигнорированно
INFO (2024-05-19 22:10:11): [256] keepalive
INFO (2024-05-19 22:10:11): [257] keepalive
INFO (2024-05-19 22:10:11): [116] PING
INFO (2024-05-19 22:10:11): 258/116 PONG 0
INFO (2024-05-19 22:10:12): [96] PING
INFO (2024-05-19 22:10:12): Проигнорированно
INFO (2024-05-19 22:10:13): [117] PING
INFO (2024-05-19 22:10:13): 259/117 PONG 0
INFO (2024-05-19 22:10:13): [97] PING
INFO (2024-05-19 22:10:13): 260/97 PONG 1
INFO (2024-05-19 22:10:14): [98] PING
INFO (2024-05-19 22:10:14): 261/98 PONG 1
INFO (2024-05-19 22:10:14): [118] PING
INFO (2024-05-19 22:10:14): 262/118 PONG 0
INFO (2024-05-19 22:10:16): [119] PING
INFO (2024-05-19 22:10:16): 263/119 PONG 0
INFO (2024-05-19 22:10:16): [264] keepalive
INFO (2024-05-19 22:10:16): [265] keepalive
INFO (2024-05-19 22:10:17): [99] PING
INFO (2024-05-19 22:10:17): 266/99 PONG 1
INFO (2024-05-19 22:10:17): [120] PING
INFO (2024-05-19 22:10:17): Проигнорированно
INFO (2024-05-19 22:10:19): [100] PING
INFO (2024-05-19 22:10:19): 267/100 PONG 1
INFO (2024-05-19 22:10:19): [121] PING
INFO (2024-05-19 22:10:19): 268/121 PONG 0
INFO (2024-05-19 22:10:19): [101] PING
INFO (2024-05-19 22:10:19): 269/101 PONG 1
INFO (2024-05-19 22:10:20): [122] PING
INFO (2024-05-19 22:10:20): 270/122 PONG 0
INFO (2024-05-19 22:10:20): [102] PING
INFO (2024-05-19 22:10:20): 271/102 PONG 1
INFO (2024-05-19 22:10:21): [103] PING
INFO (2024-05-19 22:10:21): 272/103 PONG 1
INFO (2024-05-19 22:10:21): [273] keepalive
INFO (2024-05-19 22:10:21): [274] keepalive
INFO (2024-05-19 22:10:22): [104] PING
INFO (2024-05-19 22:10:22): 275/104 PONG 1
INFO (2024-05-19 22:10:22): [123] PING
INFO (2024-05-19 22:10:22): Проигнорированно
INFO (2024-05-19 22:10:23): [124] PING
INFO (2024-05-19 22:10:23): Проигнорированно
INFO (2024-05-19 22:10:24): [125] PING
INFO (2024-05-19 22:10:24): 276/125 PONG 0
INFO (2024-05-19 22:10:24): [105] PING
INFO (2024-05-19 22:10:24): 277/105 PONG 1
INFO (2024-05-19 22:10:25): [106] PING
INFO (2024-05-19 22:10:25): 278/106 PONG 1
INFO (2024-05-19 22:10:26): [279] keepalive
INFO (2024-05-19 22:10:26): [280] keepalive
INFO (2024-05-19 22:10:26): [107] PING
INFO (2024-05-19 22:10:26): 281/107 PONG 1
INFO (2024-05-19 22:10:26): [126] PING
INFO (2024-05-19 22:10:26): 282/126 PONG 0
INFO (2024-05-19 22:10:27): [108] PING
INFO (2024-05-19 22:10:27): 283/108 PONG 1
INFO (2024-05-19 22:10:27): [127] PING
INFO (2024-05-19 22:10:27): 284/127 PONG 0
INFO (2024-05-19 22:10:28): [128] PING
INFO (2024-05-19 22:10:28): 285/128 PONG 0
INFO (2024-05-19 22:10:30): [109] PING
INFO (2024-05-19 22:10:30): 286/109 PONG 1
INFO (2024-05-19 22:10:31): [129] PING
INFO (2024-05-19 22:10:31): 287/129 PONG 0
INFO (2024-05-19 22:10:31): [288] keepalive
INFO (2024-05-19 22:10:31): [289] keepalive
INFO (2024-05-19 22:10:32): [110] PING
INFO (2024-05-19 22:10:32): 290/110 PONG 1
INFO (2024-05-19 22:10:33): [111] PING
INFO (2024-05-19 22:10:33): Проигнорированно
INFO (2024-05-19 22:10:33): [130] PING
INFO (2024-05-19 22:10:33): Проигнорированно
INFO (2024-05-19 22:10:35): [131] PING
INFO (2024-05-19 22:10:35): Проигнорированно
INFO (2024-05-19 22:10:36): [112] PING
INFO (2024-05-19 22:10:36): 291/112 PONG 1
INFO (2024-05-19 22:10:36): [292] keepalive
INFO (2024-05-19 22:10:36): [293] keepalive
INFO (2024-05-19 22:10:36): [113] PING
INFO (2024-05-19 22:10:36): 294/113 PONG 1
INFO (2024-05-19 22:10:38): [114] PING
INFO (2024-05-19 22:10:38): 295/114 PONG 1
INFO (2024-05-19 22:10:38): [132] PING
INFO (2024-05-19 22:10:38): 296/132 PONG 0
INFO (2024-05-19 22:10:39): [115] PING
INFO (2024-05-19 22:10:39): 297/115 PONG 1
INFO (2024-05-19 22:10:40): [116] PING
INFO (2024-05-19 22:10:40): 298/116 PONG 1
INFO (2024-05-19 22:10:40): [133] PING
INFO (2024-05-19 22:10:40): 299/133 PONG 0
INFO (2024-05-19 22:10:40): [117] PING
INFO (2024-05-19 22:10:40): 300/117 PONG 1
INFO (2024-05-19 22:10:41): [118] PING
INFO (2024-05-19 22:10:41): 301/118 PONG 1
INFO (2024-05-19 22:10:41): [302] keepalive
INFO (2024-05-19 22:10:41): [303] keepalive
INFO (2024-05-19 22:10:43): [134] PING
INFO (2024-05-19 22:10:43): 304/134 PONG 0
INFO (2024-05-19 22:10:43): [119] PING
INFO (2024-05-19 22:10:43): 305/119 PONG 1
INFO (2024-05-19 22:10:44): [135] PING
INFO (2024-05-19 22:10:44): 306/135 PONG 0
INFO (2024-05-19 22:10:44): [120] PING
INFO (2024-05-19 22:10:44): 307/120 PONG 1
INFO (2024-05-19 22:10:45): [121] PING
INFO (2024-05-19 22:10:45): 308/121 PONG 1
INFO (2024-05-19 22:10:46): [136] PING
INFO (2024-05-19 22:10:46): 309/136 PONG 0
INFO (2024-05-19 22:10:46): [310] keepalive
INFO (2024-05-19 22:10:46): [311] keepalive
INFO (2024-05-19 22:10:47): [122] PING
INFO (2024-05-19 22:10:47): Проигнорированно
INFO (2024-05-19 22:10:48): [137] PING
INFO (2024-05-19 22:10:48): 312/137 PONG 0
INFO (2024-05-19 22:10:49): [123] PING
INFO (2024-05-19 22:10:49): 313/123 PONG 1
INFO (2024-05-19 22:10:50): [138] PING
INFO (2024-05-19 22:10:50): 314/138 PONG 0
INFO (2024-05-19 22:10:51): [139] PING
INFO (2024-05-19 22:10:51): 315/139 PONG 0
INFO (2024-05-19 22:10:51): [316] keepalive
INFO (2024-05-19 22:10:51): [317] keepalive
INFO (2024-05-19 22:10:51): [124] PING
INFO (2024-05-19 22:10:51): 318/124 PONG 1
INFO (2024-05-19 22:10:52): [140] PING
INFO (2024-05-19 22:10:52): Проигнорированно
INFO (2024-05-19 22:10:53): [141] PING
INFO (2024-05-19 22:10:53): 319/141 PONG 0
INFO (2024-05-19 22:10:53): [125] PING
INFO (2024-05-19 22:10:53): 320/125 PONG 1
INFO (2024-05-19 22:10:54): [142] PING
INFO (2024-05-19 22:10:54): 321/142 PONG 0
INFO (2024-05-19 22:10:56): [322] keepalive
INFO (2024-05-19 22:10:56): [323] keepalive
INFO (2024-05-19 22:10:56): [126] PING
INFO (2024-05-19 22:10:56): 324/126 PONG 1
INFO (2024-05-19 22:10:56): [143] PING
INFO (2024-05-19 22:10:56): 325/143 PONG 0
INFO (2024-05-19 22:10:57): [127] PING
INFO (2024-05-19 22:10:57): 326/127 PONG 1
INFO (2024-05-19 22:10:58): [128] PING
INFO (2024-05-19 22:10:58): 327/128 PONG 1
INFO (2024-05-19 22:10:59): [144] PING
INFO (2024-05-19 22:10:59): 328/144 PONG 0
INFO (2024-05-19 22:10:59): [129] PING
INFO (2024-05-19 22:10:59): 329/129 PONG 1
INFO (2024-05-19 22:11:01): [130] PING
INFO (2024-05-19 22:11:01): 330/130 PONG 1
INFO (2024-05-19 22:11:01): [331] keepalive
INFO (2024-05-19 22:11:01): [332] keepalive
INFO (2024-05-19 22:11:01): [131] PING
INFO (2024-05-19 22:11:01): 333/131 PONG 1
INFO (2024-05-19 22:11:01): [145] PING
INFO (2024-05-19 22:11:01): 334/145 PONG 0
INFO (2024-05-19 22:11:04): [132] PING
INFO (2024-05-19 22:11:04): Проигнорированно
INFO (2024-05-19 22:11:04): [146] PING
INFO (2024-05-19 22:11:04): 335/146 PONG 0
INFO (2024-05-19 22:11:05): [133] PING
INFO (2024-05-19 22:11:05): 336/133 PONG 1
INFO (2024-05-19 22:11:06): [134] PING
INFO (2024-05-19 22:11:06): 337/134 PONG 1
INFO (2024-05-19 22:11:06): [338] keepalive
INFO (2024-05-19 22:11:06): [339] keepalive
INFO (2024-05-19 22:11:06): [147] PING
INFO (2024-05-19 22:11:06): 340/147 PONG 0
INFO (2024-05-19 22:11:07): [148] PING
INFO (2024-05-19 22:11:07): 341/148 PONG 0
INFO (2024-05-19 22:11:08): [135] PING
INFO (2024-05-19 22:11:08): 342/135 PONG 1
INFO (2024-05-19 22:11:09): [149] PING
INFO (2024-05-19 22:11:09): 343/149 PONG 0
INFO (2024-05-19 22:11:10): [136] PING
INFO (2024-05-19 22:11:10): 344/136 PONG 1
INFO (2024-05-19 22:11:11): [150] PING
INFO (2024-05-19 22:11:11): 345/150 PONG 0
INFO (2024-05-19 22:11:11): [346] keepalive
INFO (2024-05-19 22:11:11): [347] keepalive
INFO (2024-05-19 22:11:12): [137] PING
INFO (2024-05-19 22:11:12): 348/137 PONG 1
INFO (2024-05-19 22:11:12): [138] PING
INFO (2024-05-19 22:11:12): 349/138 PONG 1
INFO (2024-05-19 22:11:13): [151] PING
INFO (2024-05-19 22:11:13): 350/151 PONG 0
INFO (2024-05-19 22:11:14): [139] PING
INFO (2024-05-19 22:11:14): 351/139 PONG 1
INFO (2024-05-19 22:11:14): [152] PING
INFO (2024-05-19 22:11:14): Проигнорированно
INFO (2024-05-19 22:11:16): [140] PING
INFO (2024-05-19 22:11:16): 352/140 PONG 1
INFO (2024-05-19 22:11:16): [153] PING
INFO (2024-05-19 22:11:16): 353/153 PONG 0
INFO (2024-05-19 22:11:16): [354] keepalive
INFO (2024-05-19 22:11:16): [355] keepalive
INFO (2024-05-19 22:11:17): [141] PING
INFO (2024-05-19 22:11:17): Проигнорированно
INFO (2024-05-19 22:11:18): [154] PING
INFO (2024-05-19 22:11:18): 356/154 PONG 0
INFO (2024-05-19 22:11:18): [142] PING
INFO (2024-05-19 22:11:18): 357/142 PONG 1
INFO (2024-05-19 22:11:19): [143] PING
INFO (2024-05-19 22:11:19): 358/143 PONG 1
INFO (2024-05-19 22:11:20): [155] PING
INFO (2024-05-19 22:11:20): Проигнорированно
INFO (2024-05-19 22:11:20): [144] PING
INFO (2024-05-19 22:11:20): 359/144 PONG 1
INFO (2024-05-19 22:11:21): [145] PING
INFO (2024-05-19 22:11:21): 360/145 PONG 1
INFO (2024-05-19 22:11:21): [361] keepalive
INFO (2024-05-19 22:11:21): [362] keepalive
INFO (2024-05-19 22:11:22): [146] PING
INFO (2024-05-19 22:11:22): Проигнорированно
INFO (2024-05-19 22:11:23): [147] PING
INFO (2024-05-19 22:11:23): 363/147 PONG 1
INFO (2024-05-19 22:11:23): [156] PING
INFO (2024-05-19 22:11:23): 364/156 PONG 0
INFO (2024-05-19 22:11:23): [148] PING
INFO (2024-05-19 22:11:23): 365/148 PONG 1
INFO (2024-05-19 22:11:24): [149] PING
INFO (2024-05-19 22:11:24): 366/149 PONG 1
INFO (2024-05-19 22:11:26): [157] PING
INFO (2024-05-19 22:11:26): 367/157 PONG 0
INFO (2024-05-19 22:11:26): [368] keepalive
INFO (2024-05-19 22:11:26): [369] keepalive
INFO (2024-05-19 22:11:26): [150] PING
INFO (2024-05-19 22:11:26): 370/150 PONG 1
INFO (2024-05-19 22:11:26): [158] PING
INFO (2024-05-19 22:11:26): 371/158 PONG 0
INFO (2024-05-19 22:11:28): [151] PING
INFO (2024-05-19 22:11:28): 372/151 PONG 1
INFO (2024-05-19 22:11:29): [152] PING
INFO (2024-05-19 22:11:29): 373/152 PONG 1
INFO (2024-05-19 22:11:29): [159] PING
INFO (2024-05-19 22:11:29): 374/159 PONG 0
INFO (2024-05-19 22:11:30): [160] PING
INFO (2024-05-19 22:11:30): 375/160 PONG 0
INFO (2024-05-19 22:11:30): [153] PING
INFO (2024-05-19 22:11:30): 376/153 PONG 1
INFO (2024-05-19 22:11:30): [161] PING
INFO (2024-05-19 22:11:30): Проигнорированно
INFO (2024-05-19 22:11:31): [377] keepalive
INFO (2024-05-19 22:11:31): [378] keepalive
INFO (2024-05-19 22:11:32): [162] PING
INFO (2024-05-19 22:11:32): 379/162 PONG 0
INFO (2024-05-19 22:11:33): [154] PING
INFO (2024-05-19 22:11:33): 380/154 PONG 1
INFO (2024-05-19 22:11:33): [155] PING
INFO (2024-05-19 22:11:33): 381/155 PONG 1
INFO (2024-05-19 22:11:34): [163] PING
INFO (2024-05-19 22:11:34): 382/163 PONG 0
INFO (2024-05-19 22:11:35): [164] PING
INFO (2024-05-19 22:11:35): 383/164 PONG 0
INFO (2024-05-19 22:11:36): [156] PING
INFO (2024-05-19 22:11:36): 384/156 PONG 1
INFO (2024-05-19 22:11:36): [165] PING
INFO (2024-05-19 22:11:36): 385/165 PONG 0
INFO (2024-05-19 22:11:36): [386] keepalive
INFO (2024-05-19 22:11:36): [387] keepalive
INFO (2024-05-19 22:11:37): [157] PING
INFO (2024-05-19 22:11:37): 388/157 PONG 1
INFO (2024-05-19 22:11:39): [166] PING
INFO (2024-05-19 22:11:39): 389/166 PONG 0
INFO (2024-05-19 22:11:39): [158] PING
INFO (2024-05-19 22:11:39): 390/158 PONG 1
INFO (2024-05-19 22:11:41): [167] PING
INFO (2024-05-19 22:11:41): 391/167 PONG 0
INFO (2024-05-19 22:11:41): [392] keepalive
INFO (2024-05-19 22:11:41): [393] keepalive
INFO (2024-05-19 22:11:41): [159] PING
INFO (2024-05-19 22:11:41): 394/159 PONG 1
INFO (2024-05-19 22:11:42): [160] PING
INFO (2024-05-19 22:11:42): 395/160 PONG 1
INFO (2024-05-19 22:11:43): [161] PING
INFO (2024-05-19 22:11:43): 396/161 PONG 1
INFO (2024-05-19 22:11:43): [168] PING
INFO (2024-05-19 22:11:43): 397/168 PONG 0
INFO (2024-05-19 22:11:44): [162] PING
INFO (2024-05-19 22:11:44): 398/162 PONG 1
INFO (2024-05-19 22:11:45): [163] PING
INFO (2024-05-19 22:11:45): 399/163 PONG 1
INFO (2024-05-19 22:11:46): [169] PING
INFO (2024-05-19 22:11:46): 400/169 PONG 0
INFO (2024-05-19 22:11:46): [401] keepalive
INFO (2024-05-19 22:11:46): [402] keepalive
INFO (2024-05-19 22:11:47): [164] PING
INFO (2024-05-19 22:11:47): 403/164 PONG 1
INFO (2024-05-19 22:11:47): [170] PING
INFO (2024-05-19 22:11:47): 404/170 PONG 0
INFO (2024-05-19 22:11:47): [171] PING
INFO (2024-05-19 22:11:47): 405/171 PONG 0
INFO (2024-05-19 22:11:48): [165] PING
INFO (2024-05-19 22:11:48): 406/165 PONG 1
INFO (2024-05-19 22:11:48): [172] PING
INFO (2024-05-19 22:11:48): 407/172 PONG 0
INFO (2024-05-19 22:11:49): [166] PING
INFO (2024-05-19 22:11:49): 408/166 PONG 1
INFO (2024-05-19 22:11:50): [173] PING
INFO (2024-05-19 22:11:50): 409/173 PONG 0
INFO (2024-05-19 22:11:50): [167] PING
INFO (2024-05-19 22:11:50): 410/167 PONG 1
INFO (2024-05-19 22:11:51): [411] keepalive
INFO (2024-05-19 22:11:51): [412] keepalive
INFO (2024-05-19 22:11:52): [168] PING
INFO (2024-05-19 22:11:52): 413/168 PONG 1
INFO (2024-05-19 22:11:52): [174] PING
INFO (2024-05-19 22:11:52): Проигнорированно
INFO (2024-05-19 22:11:52): [169] PING
INFO (2024-05-19 22:11:52): 414/169 PONG 1
INFO (2024-05-19 22:11:53): [170] PING
INFO (2024-05-19 22:11:53): 415/170 PONG 1
INFO (2024-05-19 22:11:55): [171] PING
INFO (2024-05-19 22:11:55): 416/171 PONG 1
INFO (2024-05-19 22:11:55): [175] PING
INFO (2024-05-19 22:11:55): 417/175 PONG 0
INFO (2024-05-19 22:11:56): [418] keepalive
INFO (2024-05-19 22:11:56): [419] keepalive
INFO (2024-05-19 22:11:57): [172] PING
INFO (2024-05-19 22:11:57): 420/172 PONG 1
INFO (2024-05-19 22:11:57): [176] PING
INFO (2024-05-19 22:11:57): Проигнорированно
INFO (2024-05-19 22:11:58): [177] PING
INFO (2024-05-19 22:11:58): 421/177 PONG 0
INFO (2024-05-19 22:11:58): [178] PING
INFO (2024-05-19 22:11:58): 422/178 PONG 0
INFO (2024-05-19 22:11:59): [179] PING
INFO (2024-05-19 22:11:59): 423/179 PONG 0
INFO (2024-05-19 22:11:59): [173] PING
INFO (2024-05-19 22:11:59): 424/173 PONG 1
INFO (2024-05-19 22:12:01): [174] PING
INFO (2024-05-19 22:12:01): 425/174 PONG 1
INFO (2024-05-19 22:12:01): [426] keepalive
INFO (2024-05-19 22:12:01): [427] keepalive
INFO (2024-05-19 22:12:01): [175] PING
INFO (2024-05-19 22:12:01): 428/175 PONG 1
INFO (2024-05-19 22:12:02): [180] PING
INFO (2024-05-19 22:12:02): 429/180 PONG 0
INFO (2024-05-19 22:12:02): [176] PING
INFO (2024-05-19 22:12:02): 430/176 PONG 1
INFO (2024-05-19 22:12:04): [181] PING
INFO (2024-05-19 22:12:04): 431/181 PONG 0
INFO (2024-05-19 22:12:05): [177] PING
INFO (2024-05-19 22:12:05): 432/177 PONG 1
INFO (2024-05-19 22:12:06): [182] PING
INFO (2024-05-19 22:12:06): 433/182 PONG 0
INFO (2024-05-19 22:12:06): [434] keepalive
INFO (2024-05-19 22:12:06): [435] keepalive
INFO (2024-05-19 22:12:07): [178] PING
INFO (2024-05-19 22:12:07): 436/178 PONG 1
INFO (2024-05-19 22:12:08): [183] PING
INFO (2024-05-19 22:12:08): 437/183 PONG 0
INFO (2024-05-19 22:12:09): [179] PING
INFO (2024-05-19 22:12:09): 438/179 PONG 1
INFO (2024-05-19 22:12:10): [184] PING
INFO (2024-05-19 22:12:10): 439/184 PONG 0
INFO (2024-05-19 22:12:10): [180] PING
INFO (2024-05-19 22:12:10): 440/180 PONG 1
INFO (2024-05-19 22:12:11): [185] PING
INFO (2024-05-19 22:12:11): 441/185 PONG 0
INFO (2024-05-19 22:12:11): [442] keepalive
INFO (2024-05-19 22:12:11): [443] keepalive
INFO (2024-05-19 22:12:12): [181] PING
INFO (2024-05-19 22:12:12): 444/181 PONG 1
INFO (2024-05-19 22:12:12): [186] PING
INFO (2024-05-19 22:12:12): 445/186 PONG 0
INFO (2024-05-19 22:12:13): [187] PING
INFO (2024-05-19 22:12:13): 446/187 PONG 0
INFO (2024-05-19 22:12:13): [182] PING
INFO (2024-05-19 22:12:13): 447/182 PONG 1
INFO (2024-05-19 22:12:15): [183] PING
INFO (2024-05-19 22:12:15): Проигнорированно
INFO (2024-05-19 22:12:16): [188] PING
INFO (2024-05-19 22:12:16): 448/188 PONG 0
INFO (2024-05-19 22:12:16): [449] keepalive
INFO (2024-05-19 22:12:16): [450] keepalive
INFO (2024-05-19 22:12:17): [189] PING
INFO (2024-05-19 22:12:17): 451/189 PONG 0
INFO (2024-05-19 22:12:18): [184] PING
INFO (2024-05-19 22:12:18): Проигнорированно
INFO (2024-05-19 22:12:19): [185] PING
INFO (2024-05-19 22:12:19): Проигнорированно
INFO (2024-05-19 22:12:20): [190] PING
INFO (2024-05-19 22:12:20): 452/190 PONG 0
INFO (2024-05-19 22:12:20): [191] PING
INFO (2024-05-19 22:12:20): 453/191 PONG 0
INFO (2024-05-19 22:12:20): [186] PING
INFO (2024-05-19 22:12:20): 454/186 PONG 1
INFO (2024-05-19 22:12:21): [455] keepalive
INFO (2024-05-19 22:12:21): [456] keepalive
INFO (2024-05-19 22:12:22): [192] PING
INFO (2024-05-19 22:12:22): 457/192 PONG 0
INFO (2024-05-19 22:12:22): [187] PING
INFO (2024-05-19 22:12:22): 458/187 PONG 1
INFO (2024-05-19 22:12:23): [193] PING
INFO (2024-05-19 22:12:23): Проигнорированно
INFO (2024-05-19 22:12:25): [194] PING
INFO (2024-05-19 22:12:25): 459/194 PONG 0
INFO (2024-05-19 22:12:25): [188] PING
INFO (2024-05-19 22:12:25): 460/188 PONG 1
INFO (2024-05-19 22:12:26): [461] keepalive
INFO (2024-05-19 22:12:26): [462] keepalive
INFO (2024-05-19 22:12:26): [189] PING
INFO (2024-05-19 22:12:26): 463/189 PONG 1
INFO (2024-05-19 22:12:27): [190] PING
INFO (2024-05-19 22:12:27): 464/190 PONG 1
INFO (2024-05-19 22:12:27): [195] PING
INFO (2024-05-19 22:12:27): 465/195 PONG 0
INFO (2024-05-19 22:12:28): [196] PING
INFO (2024-05-19 22:12:28): 466/196 PONG 0
INFO (2024-05-19 22:12:29): [197] PING
INFO (2024-05-19 22:12:29): 467/197 PONG 0
INFO (2024-05-19 22:12:29): [191] PING
INFO (2024-05-19 22:12:29): 468/191 PONG 1
INFO (2024-05-19 22:12:29): [198] PING
INFO (2024-05-19 22:12:29): Проигнорированно
INFO (2024-05-19 22:12:30): [192] PING
INFO (2024-05-19 22:12:30): 469/192 PONG 1
INFO (2024-05-19 22:12:30): [193] PING
INFO (2024-05-19 22:12:30): 470/193 PONG 1
INFO (2024-05-19 22:12:31): [471] keepalive
INFO (2024-05-19 22:12:31): [472] keepalive
INFO (2024-05-19 22:12:32): [199] PING
INFO (2024-05-19 22:12:32): 473/199 PONG 0
INFO (2024-05-19 22:12:33): [194] PING
INFO (2024-05-19 22:12:33): 474/194 PONG 1
INFO (2024-05-19 22:12:34): [200] PING
INFO (2024-05-19 22:12:34): 475/200 PONG 0
INFO (2024-05-19 22:12:34): [195] PING
INFO (2024-05-19 22:12:34): 476/195 PONG 1
INFO (2024-05-19 22:12:36): [201] PING
INFO (2024-05-19 22:12:36): 477/201 PONG 0
INFO (2024-05-19 22:12:36): [478] keepalive
INFO (2024-05-19 22:12:36): [479] keepalive
INFO (2024-05-19 22:12:37): [202] PING
INFO (2024-05-19 22:12:37): 480/202 PONG 0
INFO (2024-05-19 22:12:37): [196] PING
INFO (2024-05-19 22:12:37): 481/196 PONG 1
INFO (2024-05-19 22:12:38): [197] PING
INFO (2024-05-19 22:12:38): 482/197 PONG 1
INFO (2024-05-19 22:12:39): [203] PING
INFO (2024-05-19 22:12:39): 483/203 PONG 0
INFO (2024-05-19 22:12:40): [198] PING
INFO (2024-05-19 22:12:40): 484/198 PONG 1
INFO (2024-05-19 22:12:41): [204] PING
INFO (2024-05-19 22:12:41): 485/204 PONG 0
INFO (2024-05-19 22:12:41): [486] keepalive
INFO (2024-05-19 22:12:41): [487] keepalive
INFO (2024-05-19 22:12:42): [205] PING
INFO (2024-05-19 22:12:42): 488/205 PONG 0
INFO (2024-05-19 22:12:43): [199] PING
INFO (2024-05-19 22:12:43): 489/199 PONG 1
INFO (2024-05-19 22:12:44): [206] PING
INFO (2024-05-19 22:12:44): 490/206 PONG 0
INFO (2024-05-19 22:12:44): [200] PING
INFO (2024-05-19 22:12:44): 491/200 PONG 1
INFO (2024-05-19 22:12:45): [201] PING
INFO (2024-05-19 22:12:45): Проигнорированно
INFO (2024-05-19 22:12:46): [207] PING
INFO (2024-05-19 22:12:46): 492/207 PONG 0
INFO (2024-05-19 22:12:46): [493] keepalive
INFO (2024-05-19 22:12:46): [494] keepalive
INFO (2024-05-19 22:12:47): [208] PING
INFO (2024-05-19 22:12:47): 495/208 PONG 0
INFO (2024-05-19 22:12:47): [202] PING
INFO (2024-05-19 22:12:47): 496/202 PONG 1
INFO (2024-05-19 22:12:48): [209] PING
INFO (2024-05-19 22:12:48): 497/209 PONG 0
INFO (2024-05-19 22:12:49): [210] PING
INFO (2024-05-19 22:12:49): 498/210 PONG 0
INFO (2024-05-19 22:12:49): [203] PING
INFO (2024-05-19 22:12:49): 499/203 PONG 1
INFO (2024-05-19 22:12:49): [204] PING
INFO (2024-05-19 22:12:49): 500/204 PONG 1
INFO (2024-05-19 22:12:50): [205] PING
INFO (2024-05-19 22:12:50): 501/205 PONG 1
INFO (2024-05-19 22:12:51): [502] keepalive
INFO (2024-05-19 22:12:51): [503] keepalive
INFO (2024-05-19 22:12:52): [211] PING
INFO (2024-05-19 22:12:52): 504/211 PONG 0
INFO (2024-05-19 22:12:52): [206] PING
INFO (2024-05-19 22:12:52): 505/206 PONG 1
INFO (2024-05-19 22:12:54): [207] PING
INFO (2024-05-19 22:12:54): 506/207 PONG 1
INFO (2024-05-19 22:12:55): [212] PING
INFO (2024-05-19 22:12:55): 507/212 PONG 0
INFO (2024-05-19 22:12:56): [213] PING
INFO (2024-05-19 22:12:56): 508/213 PONG 0
INFO (2024-05-19 22:12:56): [509] keepalive
INFO (2024-05-19 22:12:56): [510] keepalive
INFO (2024-05-19 22:12:57): [208] PING
INFO (2024-05-19 22:12:57): 511/208 PONG 1
INFO (2024-05-19 22:12:58): [214] PING
INFO (2024-05-19 22:12:58): 512/214 PONG 0
INFO (2024-05-19 22:12:58): [209] PING
INFO (2024-05-19 22:12:58): 513/209 PONG 1
INFO (2024-05-19 22:13:00): [215] PING
INFO (2024-05-19 22:13:00): 514/215 PONG 0
INFO (2024-05-19 22:13:00): [210] PING
INFO (2024-05-19 22:13:00): 515/210 PONG 1
INFO (2024-05-19 22:13:01): [516] keepalive
INFO (2024-05-19 22:13:01): [517] keepalive
INFO (2024-05-19 22:13:02): [216] PING
INFO (2024-05-19 22:13:02): 518/216 PONG 0
INFO (2024-05-19 22:13:03): [211] PING
INFO (2024-05-19 22:13:03): 519/211 PONG 1
INFO (2024-05-19 22:13:04): [217] PING
INFO (2024-05-19 22:13:04): Проигнорированно
INFO (2024-05-19 22:13:05): [212] PING
INFO (2024-05-19 22:13:05): 520/212 PONG 1
INFO (2024-05-19 22:13:06): [218] PING
INFO (2024-05-19 22:13:06): 521/218 PONG 0
INFO (2024-05-19 22:13:06): [213] PING
INFO (2024-05-19 22:13:06): 522/213 PONG 1
INFO (2024-05-19 22:13:06): [523] keepalive
INFO (2024-05-19 22:13:06): [524] keepalive
INFO (2024-05-19 22:13:07): [219] PING
INFO (2024-05-19 22:13:07): 525/219 PONG 0
INFO (2024-05-19 22:13:08): [220] PING
INFO (2024-05-19 22:13:08): 526/220 PONG 0
INFO (2024-05-19 22:13:08): [214] PING
INFO (2024-05-19 22:13:08): 527/214 PONG 1
INFO (2024-05-19 22:13:10): [221] PING
INFO (2024-05-19 22:13:10): 528/221 PONG 0
INFO (2024-05-19 22:13:10): [215] PING
INFO (2024-05-19 22:13:10): 529/215 PONG 1
INFO (2024-05-19 22:13:11): [216] PING
INFO (2024-05-19 22:13:11): 530/216 PONG 1
INFO (2024-05-19 22:13:11): [531] keepalive
INFO (2024-05-19 22:13:11): [532] keepalive
INFO (2024-05-19 22:13:12): [222] PING
INFO (2024-05-19 22:13:12): 533/222 PONG 0
INFO (2024-05-19 22:13:12): [217] PING
INFO (2024-05-19 22:13:12): 534/217 PONG 1
INFO (2024-05-19 22:13:13): [218] PING
INFO (2024-05-19 22:13:13): 535/218 PONG 1
INFO (2024-05-19 22:13:15): [219] PING
INFO (2024-05-19 22:13:15): 536/219 PONG 1
INFO (2024-05-19 22:13:15): [223] PING
INFO (2024-05-19 22:13:15): 537/223 PONG 0
INFO (2024-05-19 22:13:15): [220] PING
INFO (2024-05-19 22:13:15): 538/220 PONG 1
INFO (2024-05-19 22:13:16): [539] keepalive
INFO (2024-05-19 22:13:16): [540] keepalive
INFO (2024-05-19 22:13:17): [221] PING
INFO (2024-05-19 22:13:17): 541/221 PONG 1
INFO (2024-05-19 22:13:17): [224] PING
INFO (2024-05-19 22:13:17): 542/224 PONG 0
INFO (2024-05-19 22:13:20): [222] PING
INFO (2024-05-19 22:13:20): 543/222 PONG 1
INFO (2024-05-19 22:13:20): [225] PING
INFO (2024-05-19 22:13:20): Проигнорированно
INFO (2024-05-19 22:13:21): [226] PING
INFO (2024-05-19 22:13:21): Проигнорированно
INFO (2024-05-19 22:13:21): [223] PING
INFO (2024-05-19 22:13:21): 544/223 PONG 1
INFO (2024-05-19 22:13:21): [545] keepalive
INFO (2024-05-19 22:13:21): [546] keepalive
INFO (2024-05-19 22:13:23): [227] PING
INFO (2024-05-19 22:13:23): Проигнорированно
INFO (2024-05-19 22:13:23): [224] PING
INFO (2024-05-19 22:13:23): 547/224 PONG 1
INFO (2024-05-19 22:13:25): [225] PING
INFO (2024-05-19 22:13:25): 548/225 PONG 1
INFO (2024-05-19 22:13:26): [228] PING
INFO (2024-05-19 22:13:26): 549/228 PONG 0
INFO (2024-05-19 22:13:26): [229] PING
INFO (2024-05-19 22:13:26): 550/229 PONG 0
INFO (2024-05-19 22:13:26): [551] keepalive
INFO (2024-05-19 22:13:26): [552] keepalive
INFO (2024-05-19 22:13:27): [230] PING
INFO (2024-05-19 22:13:27): 553/230 PONG 0
INFO (2024-05-19 22:13:28): [226] PING
INFO (2024-05-19 22:13:28): 554/226 PONG 1
INFO (2024-05-19 22:13:29): [231] PING
INFO (2024-05-19 22:13:29): 555/231 PONG 0
INFO (2024-05-19 22:13:30): [227] PING
INFO (2024-05-19 22:13:30): 556/227 PONG 1
INFO (2024-05-19 22:13:31): [232] PING
INFO (2024-05-19 22:13:31): Проигнорированно
INFO (2024-05-19 22:13:31): [228] PING
INFO (2024-05-19 22:13:31): 557/228 PONG 1
INFO (2024-05-19 22:13:31): [233] PING
INFO (2024-05-19 22:13:31): 558/233 PONG 0
INFO (2024-05-19 22:13:31): [559] keepalive
INFO (2024-05-19 22:13:31): [560] keepalive
INFO (2024-05-19 22:13:32): [229] PING
INFO (2024-05-19 22:13:32): 561/229 PONG 1
INFO (2024-05-19 22:13:32): [234] PING
INFO (2024-05-19 22:13:32): 562/234 PONG 0
INFO (2024-05-19 22:13:33): [230] PING
INFO (2024-05-19 22:13:33): 563/230 PONG 1
INFO (2024-05-19 22:13:33): [235] PING
INFO (2024-05-19 22:13:33): 564/235 PONG 0
INFO (2024-05-19 22:13:35): [231] PING
INFO (2024-05-19 22:13:35): 565/231 PONG 1
INFO (2024-05-19 22:13:36): [236] PING
INFO (2024-05-19 22:13:36): 566/236 PONG 0
INFO (2024-05-19 22:13:37): [567] keepalive
INFO (2024-05-19 22:13:37): [568] keepalive
INFO (2024-05-19 22:13:37): [232] PING
INFO (2024-05-19 22:13:37): 569/232 PONG 1
INFO (2024-05-19 22:13:38): [237] PING
INFO (2024-05-19 22:13:38): 570/237 PONG 0
INFO (2024-05-19 22:13:39): [233] PING
INFO (2024-05-19 22:13:39): 571/233 PONG 1
INFO (2024-05-19 22:13:39): [238] PING
INFO (2024-05-19 22:13:39): Проигнорированно
INFO (2024-05-19 22:13:40): [239] PING
INFO (2024-05-19 22:13:40): 572/239 PONG 0
INFO (2024-05-19 22:13:40): [240] PING
INFO (2024-05-19 22:13:40): 573/240 PONG 0
INFO (2024-05-19 22:13:41): [241] PING
INFO (2024-05-19 22:13:41): Проигнорированно
INFO (2024-05-19 22:13:41): [234] PING
INFO (2024-05-19 22:13:41): 574/234 PONG 1
INFO (2024-05-19 22:13:42): [575] keepalive
INFO (2024-05-19 22:13:42): [576] keepalive
INFO (2024-05-19 22:13:43): [235] PING
INFO (2024-05-19 22:13:43): 577/235 PONG 1
INFO (2024-05-19 22:13:43): [242] PING
INFO (2024-05-19 22:13:43): 578/242 PONG 0
INFO (2024-05-19 22:13:44): [243] PING
INFO (2024-05-19 22:13:44): 579/243 PONG 0
INFO (2024-05-19 22:13:44): [236] PING
INFO (2024-05-19 22:13:44): 580/236 PONG 1
INFO (2024-05-19 22:13:46): [244] PING
INFO (2024-05-19 22:13:46): 581/244 PONG 0
INFO (2024-05-19 22:13:46): [237] PING
INFO (2024-05-19 22:13:46): 582/237 PONG 1
INFO (2024-05-19 22:13:47): [583] keepalive
INFO (2024-05-19 22:13:47): [584] keepalive
INFO (2024-05-19 22:13:47): [238] PING
INFO (2024-05-19 22:13:47): 585/238 PONG 1
INFO (2024-05-19 22:13:48): [239] PING
INFO (2024-05-19 22:13:48): 586/239 PONG 1
INFO (2024-05-19 22:13:48): [240] PING
INFO (2024-05-19 22:13:48): 587/240 PONG 1
INFO (2024-05-19 22:13:49): [245] PING
INFO (2024-05-19 22:13:49): 588/245 PONG 0
INFO (2024-05-19 22:13:51): [246] PING
INFO (2024-05-19 22:13:51): 589/246 PONG 0
INFO (2024-05-19 22:13:51): [241] PING
INFO (2024-05-19 22:13:51): 590/241 PONG 1
INFO (2024-05-19 22:13:52): [247] PING
INFO (2024-05-19 22:13:52): 591/247 PONG 0
INFO (2024-05-19 22:13:52): [592] keepalive
INFO (2024-05-19 22:13:52): [593] keepalive
INFO (2024-05-19 22:13:52): [248] PING
INFO (2024-05-19 22:13:52): 594/248 PONG 0
INFO (2024-05-19 22:13:54): [242] PING
INFO (2024-05-19 22:13:54): 595/242 PONG 1
INFO (2024-05-19 22:13:55): [249] PING
INFO (2024-05-19 22:13:55): 596/249 PONG 0
INFO (2024-05-19 22:13:55): [243] PING
INFO (2024-05-19 22:13:55): 597/243 PONG 1
INFO (2024-05-19 22:13:55): [250] PING
INFO (2024-05-19 22:13:55): 598/250 PONG 0
INFO (2024-05-19 22:13:56): [251] PING
INFO (2024-05-19 22:13:56): 599/251 PONG 0
INFO (2024-05-19 22:13:57): [600] keepalive
INFO (2024-05-19 22:13:57): [601] keepalive
INFO (2024-05-19 22:13:57): [244] PING
INFO (2024-05-19 22:13:57): 602/244 PONG 1
INFO (2024-05-19 22:13:58): [252] PING
INFO (2024-05-19 22:13:58): 603/252 PONG 0
INFO (2024-05-19 22:13:59): [245] PING
INFO (2024-05-19 22:13:59): 604/245 PONG 1
INFO (2024-05-19 22:14:00): [253] PING
INFO (2024-05-19 22:14:00): 605/253 PONG 0
INFO (2024-05-19 22:14:01): [254] PING
INFO (2024-05-19 22:14:01): 606/254 PONG 0
INFO (2024-05-19 22:14:02): [607] keepalive
INFO (2024-05-19 22:14:02): [608] keepalive
INFO (2024-05-19 22:14:02): [255] PING
INFO (2024-05-19 22:14:02): 609/255 PONG 0
INFO (2024-05-19 22:14:02): [246] PING
INFO (2024-05-19 22:14:02): 610/246 PONG 1
INFO (2024-05-19 22:14:03): [247] PING
INFO (2024-05-19 22:14:03): 611/247 PONG 1
INFO (2024-05-19 22:14:03): [248] PING
INFO (2024-05-19 22:14:03): 612/248 PONG 1
INFO (2024-05-19 22:14:04): [256] PING
INFO (2024-05-19 22:14:04): 613/256 PONG 0
INFO (2024-05-19 22:14:04): [249] PING
INFO (2024-05-19 22:14:04): 614/249 PONG 1
INFO (2024-05-19 22:14:05): [250] PING
INFO (2024-05-19 22:14:05): 615/250 PONG 1
INFO (2024-05-19 22:14:06): [251] PING
INFO (2024-05-19 22:14:06): 616/251 PONG 1
INFO (2024-05-19 22:14:06): [257] PING
INFO (2024-05-19 22:14:06): 617/257 PONG 0
INFO (2024-05-19 22:14:06): [258] PING
INFO (2024-05-19 22:14:06): 618/258 PONG 0
INFO (2024-05-19 22:14:07): [619] keepalive
INFO (2024-05-19 22:14:07): [620] keepalive
INFO (2024-05-19 22:14:07): [259] PING
INFO (2024-05-19 22:14:07): 621/259 PONG 0
INFO (2024-05-19 22:14:07): [252] PING
INFO (2024-05-19 22:14:07): Проигнорированно
INFO (2024-05-19 22:14:10): [253] PING
INFO (2024-05-19 22:14:10): 622/253 PONG 1
INFO (2024-05-19 22:14:10): [260] PING
INFO (2024-05-19 22:14:10): Проигнорированно
INFO (2024-05-19 22:14:11): [254] PING
INFO (2024-05-19 22:14:11): 623/254 PONG 1
INFO (2024-05-19 22:14:12): [624] keepalive
INFO (2024-05-19 22:14:12): [625] keepalive
INFO (2024-05-19 22:14:12): [261] PING
INFO (2024-05-19 22:14:12): 626/261 PONG 0
ERROR (2024-05-19 22:14:13): Task exception was never retrieved
future: <Task finished name='Task-7' coro=<handle_client() done, defined at D:\Учеба\client_server\socket_main_server.py:35> exception=ConnectionResetError(22, 'Указанное сетевое имя более недоступно', None, 64, None)>
Traceback (most recent call last):
  File "C:\Users\Иван\AppData\Local\Programs\Python\Python311\Lib\asyncio\windows_events.py", line 462, in finish_recv
    return ov.getresult()
           ^^^^^^^^^^^^^^
OSError: [WinError 64] Указанное сетевое имя более недоступно

During handling of the above exception, another exception occurred:

Traceback (most recent call last):
  File "D:\Учеба\client_server\socket_main_server.py", line 38, in handle_client
    data = (await loop.sock_recv(client, 255)).decode('utf8')
            ^^^^^^^^^^^^^^^^^^^^^^^^^^^^^^^^^
  File "C:\Users\Иван\AppData\Local\Programs\Python\Python311\Lib\asyncio\proactor_events.py", line 701, in sock_recv
    return await self._proactor.recv(sock, n)
           ^^^^^^^^^^^^^^^^^^^^^^^^^^^^^^^^^^
  File "C:\Users\Иван\AppData\Local\Programs\Python\Python311\Lib\asyncio\windows_events.py", line 837, in _poll
    value = callback(transferred, key, ov)
            ^^^^^^^^^^^^^^^^^^^^^^^^^^^^^^
  File "C:\Users\Иван\AppData\Local\Programs\Python\Python311\Lib\asyncio\windows_events.py", line 466, in finish_recv
    raise ConnectionResetError(*exc.args)
ConnectionResetError: [WinError 64] Указанное сетевое имя более недоступно
INFO (2024-05-19 22:14:14): [262] PING
INFO (2024-05-19 22:14:14): Проигнорированно
INFO (2024-05-19 22:14:14): [263] PING
INFO (2024-05-19 22:14:14): Проигнорированно
ERROR (2024-05-19 22:14:15): Task exception was never retrieved
future: <Task finished name='Task-5' coro=<handle_client() done, defined at D:\Учеба\client_server\socket_main_server.py:35> exception=ConnectionResetError(22, 'Указанное сетевое имя более недоступно', None, 64, None)>
Traceback (most recent call last):
  File "C:\Users\Иван\AppData\Local\Programs\Python\Python311\Lib\asyncio\windows_events.py", line 462, in finish_recv
    return ov.getresult()
           ^^^^^^^^^^^^^^
OSError: [WinError 64] Указанное сетевое имя более недоступно

During handling of the above exception, another exception occurred:

Traceback (most recent call last):
  File "D:\Учеба\client_server\socket_main_server.py", line 38, in handle_client
    data = (await loop.sock_recv(client, 255)).decode('utf8')
            ^^^^^^^^^^^^^^^^^^^^^^^^^^^^^^^^^
  File "C:\Users\Иван\AppData\Local\Programs\Python\Python311\Lib\asyncio\proactor_events.py", line 701, in sock_recv
    return await self._proactor.recv(sock, n)
           ^^^^^^^^^^^^^^^^^^^^^^^^^^^^^^^^^^
  File "C:\Users\Иван\AppData\Local\Programs\Python\Python311\Lib\asyncio\windows_events.py", line 837, in _poll
    value = callback(transferred, key, ov)
            ^^^^^^^^^^^^^^^^^^^^^^^^^^^^^^
  File "C:\Users\Иван\AppData\Local\Programs\Python\Python311\Lib\asyncio\windows_events.py", line 466, in finish_recv
    raise ConnectionResetError(*exc.args)
ConnectionResetError: [WinError 64] Указанное сетевое имя более недоступно
